{"C:\\Users\\deepa\\Desktop\\Namaste React\\Food Delivery App\\src\\components\\Contact.js": {"path":"C:\\Users\\deepa\\Desktop\\Namaste React\\Food Delivery App\\src\\components\\Contact.js","statementMap":{"0":{"start":{"line":3,"column":16},"end":{"line":14,"column":1}},"1":{"start":{"line":4,"column":2},"end":{"line":13,"column":3}}},"fnMap":{"0":{"name":"(anonymous_0)","decl":{"start":{"line":3,"column":16},"end":{"line":3,"column":17}},"loc":{"start":{"line":3,"column":22},"end":{"line":14,"column":1}},"line":3}},"branchMap":{},"s":{"0":1,"1":3},"f":{"0":3},"b":{},"_coverageSchema":"1a1c01bbd47fc00a2c39e90264f33305004495a9","hash":"94f64ff4f76124ed3f7d8e2d5ca85a48baf82b7f"}
,"C:\\Users\\deepa\\Desktop\\Namaste React\\Food Delivery App\\src\\components\\sum.js": {"path":"C:\\Users\\deepa\\Desktop\\Namaste React\\Food Delivery App\\src\\components\\sum.js","statementMap":{"0":{"start":{"line":1,"column":19},"end":{"line":3,"column":1}},"1":{"start":{"line":2,"column":4},"end":{"line":2,"column":17}}},"fnMap":{"0":{"name":"(anonymous_0)","decl":{"start":{"line":1,"column":19},"end":{"line":1,"column":20}},"loc":{"start":{"line":1,"column":29},"end":{"line":3,"column":1}},"line":1}},"branchMap":{},"s":{"0":1,"1":1},"f":{"0":1},"b":{},"_coverageSchema":"1a1c01bbd47fc00a2c39e90264f33305004495a9","hash":"91df05709bd6aa207c3f8bcbc6e4725c4cafcd86"}
}
